Flow report for IIC_demo
Fri Jul 13 15:49:16 2018
Quartus II 32-bit Version 13.0.0 Build 156 04/24/2013 SJ Full Version


---------------------
; Table of Contents ;
---------------------
  1. Legal Notice
  2. Flow Summary
  3. Flow Settings
  4. Flow Non-Default Global Settings
  5. Flow Elapsed Time
  6. Flow OS Summary
  7. Flow Log
  8. Flow Messages
  9. Flow Suppressed Messages



----------------
; Legal Notice ;
----------------
Copyright (C) 1991-2013 Altera Corporation
Your use of Altera Corporation's design tools, logic functions 
and other software and tools, and its AMPP partner logic 
functions, and any output files from any of the foregoing 
(including device programming or simulation files), and any 
associated documentation or information are expressly subject 
to the terms and conditions of the Altera Program License 
Subscription Agreement, Altera MegaCore Function License 
Agreement, or other applicable license agreement, including, 
without limitation, that your use is for the sole purpose of 
programming logic devices manufactured by Altera and sold by 
Altera or its authorized distributors.  Please refer to the 
applicable agreement for further details.



+----------------------------------------------------------------------------------+
; Flow Summary                                                                     ;
+------------------------------------+---------------------------------------------+
; Flow Status                        ; Successful - Fri Jul 13 15:49:16 2018       ;
; Quartus II 32-bit Version          ; 13.0.0 Build 156 04/24/2013 SJ Full Version ;
; Revision Name                      ; IIC_demo                                    ;
; Top-level Entity Name              ; IIC_demo                                    ;
; Family                             ; Cyclone IV E                                ;
; Device                             ; EP4CE15F17C8                                ;
; Timing Models                      ; Final                                       ;
; Total logic elements               ; 407 / 15,408 ( 3 % )                        ;
;     Total combinational functions  ; 391 / 15,408 ( 3 % )                        ;
;     Dedicated logic registers      ; 91 / 15,408 ( < 1 % )                       ;
; Total registers                    ; 91                                          ;
; Total pins                         ; 19 / 166 ( 11 % )                           ;
; Total virtual pins                 ; 0                                           ;
; Total memory bits                  ; 0 / 516,096 ( 0 % )                         ;
; Embedded Multiplier 9-bit elements ; 0 / 112 ( 0 % )                             ;
; Total PLLs                         ; 0 / 4 ( 0 % )                               ;
+------------------------------------+---------------------------------------------+


+-----------------------------------------+
; Flow Settings                           ;
+-------------------+---------------------+
; Option            ; Setting             ;
+-------------------+---------------------+
; Start date & time ; 07/13/2018 15:48:51 ;
; Main task         ; Compilation         ;
; Revision Name     ; IIC_demo            ;
+-------------------+---------------------+


+-------------------------------------------------------------------------------------------------------------------------+
; Flow Non-Default Global Settings                                                                                        ;
+--------------------------------------+---------------------------------+---------------+-------------+------------------+
; Assignment Name                      ; Value                           ; Default Value ; Entity Name ; Section Id       ;
+--------------------------------------+---------------------------------+---------------+-------------+------------------+
; COMPILER_SIGNATURE_ID                ; 84440848643171.153146813108380  ; --            ; --          ; --               ;
; EDA_DESIGN_INSTANCE_NAME             ; i1                              ; --            ; --          ; IIC_demo_vlg_tst ;
; EDA_NATIVELINK_SIMULATION_TEST_BENCH ; IIC_demo_vlg_tst                ; --            ; --          ; eda_simulation   ;
; EDA_OUTPUT_DATA_FORMAT               ; Verilog Hdl                     ; --            ; --          ; eda_simulation   ;
; EDA_SIMULATION_TOOL                  ; ModelSim-Altera (Verilog)       ; <None>        ; --          ; --               ;
; EDA_TEST_BENCH_ENABLE_STATUS         ; TEST_BENCH_MODE                 ; --            ; --          ; eda_simulation   ;
; EDA_TEST_BENCH_FILE                  ; simulation/modelsim/IIC_demo.vt ; --            ; --          ; IIC_demo_vlg_tst ;
; EDA_TEST_BENCH_MODULE_NAME           ; IIC_demo_vlg_tst                ; --            ; --          ; IIC_demo_vlg_tst ;
; EDA_TEST_BENCH_NAME                  ; IIC_demo_vlg_tst                ; --            ; --          ; eda_simulation   ;
; EDA_TEST_BENCH_RUN_SIM_FOR           ; 1 us                            ; --            ; --          ; IIC_demo_vlg_tst ;
; EDA_TIME_SCALE                       ; 1 ps                            ; --            ; --          ; eda_simulation   ;
; MAX_CORE_JUNCTION_TEMP               ; 85                              ; --            ; --          ; --               ;
; MIN_CORE_JUNCTION_TEMP               ; 0                               ; --            ; --          ; --               ;
; OUTPUT_IO_TIMING_FAR_END_VMEAS       ; Half Signal Swing               ; --            ; --          ; --               ;
; OUTPUT_IO_TIMING_FAR_END_VMEAS       ; Half Signal Swing               ; --            ; --          ; --               ;
; OUTPUT_IO_TIMING_NEAR_END_VMEAS      ; Half Vccio                      ; --            ; --          ; --               ;
; OUTPUT_IO_TIMING_NEAR_END_VMEAS      ; Half Vccio                      ; --            ; --          ; --               ;
; PARTITION_COLOR                      ; 16764057                        ; --            ; --          ; Top              ;
; PARTITION_FITTER_PRESERVATION_LEVEL  ; PLACEMENT_AND_ROUTING           ; --            ; --          ; Top              ;
; PARTITION_NETLIST_TYPE               ; SOURCE                          ; --            ; --          ; Top              ;
; PROJECT_OUTPUT_DIRECTORY             ; output_files                    ; --            ; --          ; --               ;
+--------------------------------------+---------------------------------+---------------+-------------+------------------+


+-------------------------------------------------------------------------------------------------------------------------------+
; Flow Elapsed Time                                                                                                             ;
+---------------------------+--------------+-------------------------+---------------------+------------------------------------+
; Module Name               ; Elapsed Time ; Average Processors Used ; Peak Virtual Memory ; Total CPU Time (on all processors) ;
+---------------------------+--------------+-------------------------+---------------------+------------------------------------+
; Analysis & Synthesis      ; 00:00:04     ; 1.0                     ; 353 MB              ; 00:00:04                           ;
; Fitter                    ; 00:00:09     ; 1.4                     ; 607 MB              ; 00:00:08                           ;
; Assembler                 ; 00:00:01     ; 1.0                     ; 340 MB              ; 00:00:01                           ;
; TimeQuest Timing Analyzer ; 00:00:02     ; 1.0                     ; 369 MB              ; 00:00:02                           ;
; EDA Netlist Writer        ; 00:00:01     ; 1.0                     ; 301 MB              ; 00:00:01                           ;
; Total                     ; 00:00:17     ; --                      ; --                  ; 00:00:16                           ;
+---------------------------+--------------+-------------------------+---------------------+------------------------------------+


+----------------------------------------------------------------------------------------+
; Flow OS Summary                                                                        ;
+---------------------------+------------------+-----------+------------+----------------+
; Module Name               ; Machine Hostname ; OS Name   ; OS Version ; Processor type ;
+---------------------------+------------------+-----------+------------+----------------+
; Analysis & Synthesis      ; Q41LL74NEXPXLDF  ; Windows 7 ; 6.1        ; i686           ;
; Fitter                    ; Q41LL74NEXPXLDF  ; Windows 7 ; 6.1        ; i686           ;
; Assembler                 ; Q41LL74NEXPXLDF  ; Windows 7 ; 6.1        ; i686           ;
; TimeQuest Timing Analyzer ; Q41LL74NEXPXLDF  ; Windows 7 ; 6.1        ; i686           ;
; EDA Netlist Writer        ; Q41LL74NEXPXLDF  ; Windows 7 ; 6.1        ; i686           ;
+---------------------------+------------------+-----------+------------+----------------+


------------
; Flow Log ;
------------
quartus_map --read_settings_files=on --write_settings_files=off IIC_demo -c IIC_demo
quartus_fit --read_settings_files=off --write_settings_files=off IIC_demo -c IIC_demo
quartus_asm --read_settings_files=off --write_settings_files=off IIC_demo -c IIC_demo
quartus_sta IIC_demo -c IIC_demo
quartus_eda --read_settings_files=off --write_settings_files=off IIC_demo -c IIC_demo



